# JRE version: OpenJDK Runtime Environment (21.0.6) (build 21.0.6+-13368085-b895.109)
# Java VM: OpenJDK 64-Bit Server VM (21.0.6+-13368085-b895.109, mixed mode, tiered, compressed oops, compressed class ptrs, g1 gc, windows-amd64)
GC Precious Log:
 CardTable entry size: 512
 Card Set container configuration: InlinePtr #cards 5 size 8 Array Of Cards #cards 12 size 40 Howl #buckets 4 coarsen threshold 1843 Howl Bitmap #cards 512 size 80 coarsen threshold 460 Card regions per heap region 1 cards per card region 2048
 CPUs: 4 total, 4 available
 Memory: 8075M
 Large Page Support: Disabled
 NUMA Support: Disabled
 Compressed Oops: Enabled (32-bit)
 Heap Region Size: 1M
 Heap Min Capacity: 8M
 Heap Initial Capacity: 128M
 Heap Max Capacity: 2G
 Pre-touch: Disabled
 Parallel Workers: 4
 Concurrent Workers: 1
 Concurrent Refinement Workers: 4
 Periodic GC: Disabled
Heap:
 garbage-first heap   total 133120K, used 82802K [0x0000000080000000, 0x0000000100000000)
  region size 1024K, 6 young (6144K), 5 survivors (5120K)
 Metaspace       used 93179K, committed 95168K, reserved 1179648K
  class space    used 12813K, committed 13760K, reserved 1048576K
GC Heap History (20 events):
Event: 31.029 GC heap before
{Heap before GC invocations=19 (full 0):
 garbage-first heap   total 89088K, used 63339K [0x0000000080000000, 0x0000000100000000)
  region size 1024K, 12 young (12288K), 3 survivors (3072K)
 Metaspace       used 57599K, committed 59200K, reserved 1114112K
  class space    used 7787K, committed 8576K, reserved 1048576K
}
Event: 31.033 GC heap after
{Heap after GC invocations=20 (full 0):
 garbage-first heap   total 89088K, used 57750K [0x0000000080000000, 0x0000000100000000)
  region size 1024K, 4 young (4096K), 4 survivors (4096K)
 Metaspace       used 57599K, committed 59200K, reserved 1114112K
  class space    used 7787K, committed 8576K, reserved 1048576K
}
Event: 35.533 GC heap before
{Heap before GC invocations=21 (full 0):
 garbage-first heap   total 109568K, used 91542K [0x0000000080000000, 0x0000000100000000)
  region size 1024K, 23 young (23552K), 4 survivors (4096K)
 Metaspace       used 59962K, committed 61632K, reserved 1114112K
  class space    used 8002K, committed 8832K, reserved 1048576K
}
Event: 35.538 GC heap after
{Heap after GC invocations=22 (full 0):
 garbage-first heap   total 109568K, used 73157K [0x0000000080000000, 0x0000000100000000)
  region size 1024K, 3 young (3072K), 3 survivors (3072K)
 Metaspace       used 59962K, committed 61632K, reserved 1114112K
  class space    used 8002K, committed 8832K, reserved 1048576K
}
Event: 35.625 GC heap before
{Heap before GC invocations=22 (full 0):
 garbage-first heap   total 109568K, used 97733K [0x0000000080000000, 0x0000000100000000)
  region size 1024K, 27 young (27648K), 3 survivors (3072K)
 Metaspace       used 60176K, committed 61824K, reserved 1114112K
  class space    used 8034K, committed 8832K, reserved 1048576K
}
Event: 35.629 GC heap after
{Heap after GC invocations=23 (full 0):
 garbage-first heap   total 109568K, used 73389K [0x0000000080000000, 0x0000000100000000)
  region size 1024K, 1 young (1024K), 1 survivors (1024K)
 Metaspace       used 60176K, committed 61824K, reserved 1114112K
  class space    used 8034K, committed 8832K, reserved 1048576K
}
Event: 40.983 GC heap before
{Heap before GC invocations=23 (full 0):
 garbage-first heap   total 109568K, used 98989K [0x0000000080000000, 0x0000000100000000)
  region size 1024K, 26 young (26624K), 1 survivors (1024K)
 Metaspace       used 62884K, committed 64576K, reserved 1114112K
  class space    used 8434K, committed 9280K, reserved 1048576K
}
Event: 40.985 GC heap after
{Heap after GC invocations=24 (full 0):
 garbage-first heap   total 109568K, used 74261K [0x0000000080000000, 0x0000000100000000)
  region size 1024K, 2 young (2048K), 2 survivors (2048K)
 Metaspace       used 62884K, committed 64576K, reserved 1114112K
  class space    used 8434K, committed 9280K, reserved 1048576K
}
Event: 42.318 GC heap before
{Heap before GC invocations=25 (full 0):
 garbage-first heap   total 126976K, used 98837K [0x0000000080000000, 0x0000000100000000)
  region size 1024K, 26 young (26624K), 2 survivors (2048K)
 Metaspace       used 66061K, committed 67776K, reserved 1114112K
  class space    used 8895K, committed 9728K, reserved 1048576K
}
Event: 42.322 GC heap after
{Heap after GC invocations=26 (full 0):
 garbage-first heap   total 126976K, used 75369K [0x0000000080000000, 0x0000000100000000)
  region size 1024K, 3 young (3072K), 3 survivors (3072K)
 Metaspace       used 66061K, committed 67776K, reserved 1114112K
  class space    used 8895K, committed 9728K, reserved 1048576K
}
Event: 44.742 GC heap before
{Heap before GC invocations=26 (full 0):
 garbage-first heap   total 126976K, used 111209K [0x0000000080000000, 0x0000000100000000)
  region size 1024K, 39 young (39936K), 3 survivors (3072K)
 Metaspace       used 73428K, committed 75200K, reserved 1114112K
  class space    used 9906K, committed 10752K, reserved 1048576K
}
Event: 44.747 GC heap after
{Heap after GC invocations=27 (full 0):
 garbage-first heap   total 126976K, used 76407K [0x0000000080000000, 0x0000000100000000)
  region size 1024K, 4 young (4096K), 4 survivors (4096K)
 Metaspace       used 73428K, committed 75200K, reserved 1114112K
  class space    used 9906K, committed 10752K, reserved 1048576K
}
Event: 49.987 GC heap before
{Heap before GC invocations=27 (full 0):
 garbage-first heap   total 126976K, used 113271K [0x0000000080000000, 0x0000000100000000)
  region size 1024K, 41 young (41984K), 4 survivors (4096K)
 Metaspace       used 76551K, committed 78400K, reserved 1179648K
  class space    used 10226K, committed 11136K, reserved 1048576K
}
Event: 49.994 GC heap after
{Heap after GC invocations=28 (full 0):
 garbage-first heap   total 126976K, used 79591K [0x0000000080000000, 0x0000000100000000)
  region size 1024K, 6 young (6144K), 6 survivors (6144K)
 Metaspace       used 76551K, committed 78400K, reserved 1179648K
  class space    used 10226K, committed 11136K, reserved 1048576K
}
Event: 50.616 GC heap before
{Heap before GC invocations=29 (full 0):
 garbage-first heap   total 133120K, used 113383K [0x0000000080000000, 0x0000000100000000)
  region size 1024K, 39 young (39936K), 6 survivors (6144K)
 Metaspace       used 80080K, committed 81920K, reserved 1179648K
  class space    used 10786K, committed 11712K, reserved 1048576K
}
Event: 50.622 GC heap after
{Heap after GC invocations=30 (full 0):
 garbage-first heap   total 133120K, used 80806K [0x0000000080000000, 0x0000000100000000)
  region size 1024K, 3 young (3072K), 3 survivors (3072K)
 Metaspace       used 80080K, committed 81920K, reserved 1179648K
  class space    used 10786K, committed 11712K, reserved 1048576K
}
Event: 58.381 GC heap before
{Heap before GC invocations=30 (full 0):
 garbage-first heap   total 133120K, used 120742K [0x0000000080000000, 0x0000000100000000)
  region size 1024K, 42 young (43008K), 3 survivors (3072K)
 Metaspace       used 86976K, committed 88896K, reserved 1179648K
  class space    used 12053K, committed 12992K, reserved 1048576K
}
Event: 58.386 GC heap after
{Heap after GC invocations=31 (full 0):
 garbage-first heap   total 133120K, used 81543K [0x0000000080000000, 0x0000000100000000)
  region size 1024K, 3 young (3072K), 3 survivors (3072K)
 Metaspace       used 86976K, committed 88896K, reserved 1179648K
  class space    used 12053K, committed 12992K, reserved 1048576K
}
Event: 64.981 GC heap before
{Heap before GC invocations=31 (full 0):
 garbage-first heap   total 133120K, used 122503K [0x0000000080000000, 0x0000000100000000)
  region size 1024K, 43 young (44032K), 3 survivors (3072K)
 Metaspace       used 93150K, committed 95040K, reserved 1179648K
  class space    used 12808K, committed 13696K, reserved 1048576K
}
Event: 64.986 GC heap after
{Heap after GC invocations=32 (full 0):
 garbage-first heap   total 133120K, used 82802K [0x0000000080000000, 0x0000000100000000)
  region size 1024K, 5 young (5120K), 5 survivors (5120K)
 Metaspace       used 93150K, committed 95040K, reserved 1179648K
  class space    used 12808K, committed 13696K, reserved 1048576K
}

